<?xml version="1.0" encoding="UTF-8"?>
<!-- Generated by org.testng.reporters.JUnitReportReporter -->
<testsuite skipped="0" hostname="DESKTOP-4PNSGE4" name="com.apiframe.testCases.TC005_Delete_Employee_Record" tests="6" failures="0" timestamp="21 Jun 2019 11:56:58 GMT" time="0.001" errors="0">
  <testcase name="checkstatusLine" time="0.000" classname="com.apiframe.testCases.TC005_Delete_Employee_Record"/>
  <testcase name="checkContentType" time="0.000" classname="com.apiframe.testCases.TC005_Delete_Employee_Record"/>
  <testcase name="checkResposeBody" time="0.001" classname="com.apiframe.testCases.TC005_Delete_Employee_Record"/>
  <testcase name="checkserverType" time="0.000" classname="com.apiframe.testCases.TC005_Delete_Employee_Record"/>
  <testcase name="checkStatusCode" time="0.000" classname="com.apiframe.testCases.TC005_Delete_Employee_Record"/>
  <testcase name="checkcontentEncoding" time="0.000" classname="com.apiframe.testCases.TC005_Delete_Employee_Record"/>
</testsuite> <!-- com.apiframe.testCases.TC005_Delete_Employee_Record -->
