<?xml version="1.0" encoding="UTF-8"?>
<!-- Generated by org.testng.reporters.JUnitReportReporter -->
<testsuite skipped="0" hostname="DESKTOP-4PNSGE4" name="com.apiframe.testCases.TC001_Get_All_Employees" tests="8" failures="0" timestamp="21 Jun 2019 11:56:58 GMT" time="0.049" errors="0">
  <testcase name="checkStatusCode" time="0.001" classname="com.apiframe.testCases.TC001_Get_All_Employees"/>
  <testcase name="checkserverType" time="0.001" classname="com.apiframe.testCases.TC001_Get_All_Employees"/>
  <testcase name="checkContentType" time="0.001" classname="com.apiframe.testCases.TC001_Get_All_Employees"/>
  <testcase name="checkstatusLine" time="0.003" classname="com.apiframe.testCases.TC001_Get_All_Employees"/>
  <testcase name="checkcontentEncoding" time="0.000" classname="com.apiframe.testCases.TC001_Get_All_Employees"/>
  <testcase name="checkResponseTime" time="0.001" classname="com.apiframe.testCases.TC001_Get_All_Employees"/>
  <testcase name="checkResposeBody" time="0.040" classname="com.apiframe.testCases.TC001_Get_All_Employees"/>
  <testcase name="checkContentLenght" time="0.002" classname="com.apiframe.testCases.TC001_Get_All_Employees"/>
</testsuite> <!-- com.apiframe.testCases.TC001_Get_All_Employees -->
